2022-09-19 11:19:09.413  INFO 8704 --- [restartedMain] com.tirwanda.be.BeApplication            : Starting BeApplication using Java 15 on LAPTOP-M8L9NF3P with PID 8704 (D:\4. Software Development\Web Development\pe-management\be\target\classes started by Edho Dwi Tirwanda in D:\4. Software Development\Web Development\pe-management\be)
2022-09-19 11:19:09.421  INFO 8704 --- [restartedMain] com.tirwanda.be.BeApplication            : No active profile set, falling back to default profiles: default
2022-09-19 11:19:09.496  INFO 8704 --- [restartedMain] .e.DevToolsPropertyDefaultsPostProcessor : Devtools property defaults active! Set 'spring.devtools.add-properties' to 'false' to disable
2022-09-19 11:19:09.497  INFO 8704 --- [restartedMain] .e.DevToolsPropertyDefaultsPostProcessor : For additional web related logging consider setting the 'logging.level.web' property to 'DEBUG'
2022-09-19 11:19:10.964  INFO 8704 --- [restartedMain] .s.d.r.c.RepositoryConfigurationDelegate : Multiple Spring Data modules found, entering strict repository configuration mode!
2022-09-19 11:19:10.965  INFO 8704 --- [restartedMain] .s.d.r.c.RepositoryConfigurationDelegate : Bootstrapping Spring Data JPA repositories in DEFAULT mode.
2022-09-19 11:19:11.264  INFO 8704 --- [restartedMain] .s.d.r.c.RepositoryConfigurationDelegate : Finished Spring Data repository scanning in 290 ms. Found 12 JPA repository interfaces.
2022-09-19 11:19:12.064  INFO 8704 --- [restartedMain] o.s.b.w.embedded.tomcat.TomcatWebServer  : Tomcat initialized with port(s): 8080 (http)
2022-09-19 11:19:12.078  INFO 8704 --- [restartedMain] o.apache.catalina.core.StandardService   : Starting service [Tomcat]
2022-09-19 11:19:12.079  INFO 8704 --- [restartedMain] org.apache.catalina.core.StandardEngine  : Starting Servlet engine: [Apache Tomcat/9.0.52]
2022-09-19 11:19:12.261  INFO 8704 --- [restartedMain] o.a.c.c.C.[Tomcat].[localhost].[/]       : Initializing Spring embedded WebApplicationContext
2022-09-19 11:19:12.261  INFO 8704 --- [restartedMain] w.s.c.ServletWebServerApplicationContext : Root WebApplicationContext: initialization completed in 2762 ms
2022-09-19 11:19:12.305  INFO 8704 --- [restartedMain] com.zaxxer.hikari.HikariDataSource       : HikariPool-1 - Starting...
2022-09-19 11:19:12.849  INFO 8704 --- [restartedMain] com.zaxxer.hikari.HikariDataSource       : HikariPool-1 - Start completed.
2022-09-19 11:19:12.855  INFO 8704 --- [restartedMain] o.s.b.a.h2.H2ConsoleAutoConfiguration    : H2 console available at '/h2-console'. Database available at 'jdbc:mysql://localhost:3309/pe_db'
2022-09-19 11:19:13.297  INFO 8704 --- [restartedMain] o.hibernate.jpa.internal.util.LogHelper  : HHH000204: Processing PersistenceUnitInfo [name: default]
2022-09-19 11:19:13.373  INFO 8704 --- [restartedMain] org.hibernate.Version                    : HHH000412: Hibernate ORM core version 5.4.32.Final
2022-09-19 11:19:13.543  INFO 8704 --- [restartedMain] o.hibernate.annotations.common.Version   : HCANN000001: Hibernate Commons Annotations {5.1.2.Final}
2022-09-19 11:19:13.676  INFO 8704 --- [restartedMain] org.hibernate.dialect.Dialect            : HHH000400: Using dialect: org.hibernate.dialect.MySQL8Dialect
2022-09-19 11:19:15.319  INFO 8704 --- [restartedMain] o.h.e.t.j.p.i.JtaPlatformInitiator       : HHH000490: Using JtaPlatform implementation: [org.hibernate.engine.transaction.jta.platform.internal.NoJtaPlatform]
2022-09-19 11:19:15.329  INFO 8704 --- [restartedMain] j.LocalContainerEntityManagerFactoryBean : Initialized JPA EntityManagerFactory for persistence unit 'default'
2022-09-19 11:19:17.144  INFO 8704 --- [restartedMain] o.s.s.web.DefaultSecurityFilterChain     : Will secure any request with [org.springframework.security.web.context.request.async.WebAsyncManagerIntegrationFilter@1d67bd62, org.springframework.security.web.context.SecurityContextPersistenceFilter@69ea857d, org.springframework.security.web.header.HeaderWriterFilter@243912e4, org.springframework.web.filter.CorsFilter@103dd2cf, org.springframework.security.web.authentication.logout.LogoutFilter@4ea2ce3c, com.tirwanda.be.filter.CustomAuthorizationFilter@5a20e5e, com.tirwanda.be.filter.CustomAuthenticationFilter@428e1bfd, org.springframework.security.web.savedrequest.RequestCacheAwareFilter@6a90450f, org.springframework.security.web.servletapi.SecurityContextHolderAwareRequestFilter@22551d61, org.springframework.security.web.authentication.AnonymousAuthenticationFilter@62a23263, org.springframework.security.web.session.SessionManagementFilter@15b27531, org.springframework.security.web.access.ExceptionTranslationFilter@7ea4d509, org.springframework.security.web.access.intercept.FilterSecurityInterceptor@3032363a]
2022-09-19 11:19:17.554  INFO 8704 --- [restartedMain] o.s.b.d.a.OptionalLiveReloadServer       : LiveReload server is running on port 35729
2022-09-19 11:19:17.616  INFO 8704 --- [restartedMain] o.s.b.w.embedded.tomcat.TomcatWebServer  : Tomcat started on port(s): 8080 (http) with context path ''
2022-09-19 11:19:17.633  INFO 8704 --- [restartedMain] com.tirwanda.be.BeApplication            : Started BeApplication in 8.837 seconds (JVM running for 10.251)
2022-09-19 12:49:04.101  INFO 8704 --- [http-nio-8080-exec-1] o.a.c.c.C.[Tomcat].[localhost].[/]       : Initializing Spring DispatcherServlet 'dispatcherServlet'
2022-09-19 12:49:04.101  INFO 8704 --- [http-nio-8080-exec-1] o.s.web.servlet.DispatcherServlet        : Initializing Servlet 'dispatcherServlet'
2022-09-19 12:49:04.138  INFO 8704 --- [http-nio-8080-exec-1] o.s.web.servlet.DispatcherServlet        : Completed initialization in 37 ms
2022-09-19 12:49:04.228  INFO 8704 --- [http-nio-8080-exec-1] c.t.b.filter.CustomAuthenticationFilter  : Username is tirwanda
2022-09-19 12:49:04.229  INFO 8704 --- [http-nio-8080-exec-1] c.t.b.filter.CustomAuthenticationFilter  : Password is password
2022-09-19 12:49:05.331  INFO 8704 --- [http-nio-8080-exec-1] c.t.b.service.user.PrintUserServiceImpl  : User found in the database: tirwanda
2022-09-19 12:49:05.729  INFO 8704 --- [http-nio-8080-exec-3] c.t.b.service.user.PrintUserServiceImpl  : Fetching user tirwanda
2022-09-19 12:49:06.544  INFO 8704 --- [http-nio-8080-exec-5] c.t.b.service.user.PrintUserServiceImpl  : Fetching user tirwanda
2022-09-19 13:07:40.728  INFO 8704 --- [http-nio-8080-exec-8] c.t.b.s.d.CreateDowntimeServiceImpl      : ItemCheck(itemCheckId=null, itemCheck=Periksa All Sensor, status=OK)
2022-09-19 13:07:41.088 ERROR 8704 --- [http-nio-8080-exec-8] c.t.be.filter.CustomAuthorizationFilter  : Error Login: Request processing failed; nested exception is org.springframework.transaction.TransactionSystemException: Could not commit JPA transaction; nested exception is javax.persistence.RollbackException: Error while committing the transaction
2022-09-19 13:10:15.537  INFO 8704 --- [http-nio-8080-exec-2] c.t.b.filter.CustomAuthenticationFilter  : Username is tirwanda
2022-09-19 13:10:15.537  INFO 8704 --- [http-nio-8080-exec-2] c.t.b.filter.CustomAuthenticationFilter  : Password is password
2022-09-19 13:10:15.629  INFO 8704 --- [http-nio-8080-exec-2] c.t.b.service.user.PrintUserServiceImpl  : User found in the database: tirwanda
2022-09-19 13:10:15.816  INFO 8704 --- [http-nio-8080-exec-1] c.t.b.service.user.PrintUserServiceImpl  : Fetching user tirwanda
2022-09-19 13:10:16.404  INFO 8704 --- [http-nio-8080-exec-3] c.t.b.service.user.PrintUserServiceImpl  : Fetching user tirwanda
2022-09-19 13:11:54.998  INFO 8704 --- [http-nio-8080-exec-9] c.t.b.s.d.CreateDowntimeServiceImpl      : ItemCheck(itemCheckId=null, itemCheck=Periksa All Sensor, status=)
2022-09-19 13:11:55.074 ERROR 8704 --- [http-nio-8080-exec-9] c.t.be.filter.CustomAuthorizationFilter  : Error Login: Request processing failed; nested exception is org.springframework.transaction.TransactionSystemException: Could not commit JPA transaction; nested exception is javax.persistence.RollbackException: Error while committing the transaction
2022-09-19 13:13:15.586  INFO 8704 --- [http-nio-8080-exec-1] c.t.b.s.d.CreateDowntimeServiceImpl      : ItemCheck(itemCheckId=null, itemCheck=Periksa All Sensor, status=OK)
2022-09-19 13:13:15.663 ERROR 8704 --- [http-nio-8080-exec-1] c.t.be.filter.CustomAuthorizationFilter  : Error Login: Request processing failed; nested exception is org.springframework.transaction.TransactionSystemException: Could not commit JPA transaction; nested exception is javax.persistence.RollbackException: Error while committing the transaction
2022-09-19 13:14:06.063  INFO 8704 --- [http-nio-8080-exec-4] c.t.b.filter.CustomAuthenticationFilter  : Username is tirwanda
2022-09-19 13:14:06.063  INFO 8704 --- [http-nio-8080-exec-4] c.t.b.filter.CustomAuthenticationFilter  : Password is password
2022-09-19 13:14:06.145  INFO 8704 --- [http-nio-8080-exec-4] c.t.b.service.user.PrintUserServiceImpl  : User found in the database: tirwanda
2022-09-19 13:14:22.016  INFO 8704 --- [http-nio-8080-exec-5] c.t.b.s.d.CreateDowntimeServiceImpl      : ItemCheck(itemCheckId=null, itemCheck=Check Tekanan Angin, status=OK)
2022-09-19 13:14:22.046  INFO 8704 --- [http-nio-8080-exec-5] c.t.b.s.d.CreateDowntimeServiceImpl      : ItemCheck(itemCheckId=null, itemCheck=Check Sensor Reed Switch, status=NG)
2022-09-19 13:19:38.387  INFO 8704 --- [http-nio-8080-exec-8] c.t.b.s.d.CreateDowntimeServiceImpl      : ItemCheck(itemCheckId=null, itemCheck=Periksa All Sensor, status=OK)
2022-09-19 13:19:38.464 ERROR 8704 --- [http-nio-8080-exec-8] c.t.be.filter.CustomAuthorizationFilter  : Error Login: Request processing failed; nested exception is org.springframework.transaction.TransactionSystemException: Could not commit JPA transaction; nested exception is javax.persistence.RollbackException: Error while committing the transaction
2022-09-19 13:24:43.783  INFO 8704 --- [http-nio-8080-exec-6] c.t.b.s.d.CreateDowntimeServiceImpl      : ItemCheck(itemCheckId=null, itemCheck=Periksa All Sensor, status=OK)
2022-09-19 13:24:43.809  INFO 8704 --- [http-nio-8080-exec-6] c.t.b.s.d.CreateDowntimeServiceImpl      : ItemCheck(itemCheckId=null, itemCheck=Periksa Jig, status=true)
2022-09-19 13:25:58.273  INFO 8704 --- [http-nio-8080-exec-4] c.t.b.s.d.CreateDowntimeServiceImpl      : ItemCheck(itemCheckId=null, itemCheck=Periksa All Sensor, status=OK)
2022-09-19 13:25:58.299  INFO 8704 --- [http-nio-8080-exec-4] c.t.b.s.d.CreateDowntimeServiceImpl      : ItemCheck(itemCheckId=null, itemCheck=Periksa Jig, status=NG)
2022-09-19 13:26:46.861  INFO 8704 --- [http-nio-8080-exec-9] c.t.b.s.d.CreateDowntimeServiceImpl      : ItemCheck(itemCheckId=null, itemCheck=Periksa All Sensor, status=)
2022-09-19 13:26:46.948 ERROR 8704 --- [http-nio-8080-exec-9] c.t.be.filter.CustomAuthorizationFilter  : Error Login: Request processing failed; nested exception is org.springframework.transaction.TransactionSystemException: Could not commit JPA transaction; nested exception is javax.persistence.RollbackException: Error while committing the transaction
2022-09-19 13:27:06.898  INFO 8704 --- [http-nio-8080-exec-10] c.t.b.s.d.CreateDowntimeServiceImpl      : ItemCheck(itemCheckId=null, itemCheck=Periksa All Sensor, status=)
2022-09-19 13:27:06.968 ERROR 8704 --- [http-nio-8080-exec-10] c.t.be.filter.CustomAuthorizationFilter  : Error Login: Request processing failed; nested exception is org.springframework.transaction.TransactionSystemException: Could not commit JPA transaction; nested exception is javax.persistence.RollbackException: Error while committing the transaction
2022-09-19 13:28:29.956  INFO 8704 --- [http-nio-8080-exec-8] c.t.b.s.d.CreateDowntimeServiceImpl      : ItemCheck(itemCheckId=null, itemCheck=Periksa All Sensor, status=)
2022-09-19 13:28:30.037 ERROR 8704 --- [http-nio-8080-exec-8] c.t.be.filter.CustomAuthorizationFilter  : Error Login: Request processing failed; nested exception is org.springframework.transaction.TransactionSystemException: Could not commit JPA transaction; nested exception is javax.persistence.RollbackException: Error while committing the transaction
2022-09-19 13:31:45.120  INFO 8704 --- [http-nio-8080-exec-4] c.t.b.s.d.CreateDowntimeServiceImpl      : ItemCheck(itemCheckId=null, itemCheck=, status=NG)
2022-09-19 13:31:45.179 ERROR 8704 --- [http-nio-8080-exec-4] c.t.be.filter.CustomAuthorizationFilter  : Error Login: Request processing failed; nested exception is org.springframework.transaction.TransactionSystemException: Could not commit JPA transaction; nested exception is javax.persistence.RollbackException: Error while committing the transaction
2022-09-19 13:33:00.430  INFO 8704 --- [http-nio-8080-exec-8] c.t.b.s.d.CreateDowntimeServiceImpl      : ItemCheck(itemCheckId=null, itemCheck=, status=NG)
2022-09-19 13:33:00.478 ERROR 8704 --- [http-nio-8080-exec-8] c.t.be.filter.CustomAuthorizationFilter  : Error Login: Request processing failed; nested exception is org.springframework.transaction.TransactionSystemException: Could not commit JPA transaction; nested exception is javax.persistence.RollbackException: Error while committing the transaction
2022-09-19 13:34:48.551 ERROR 8704 --- [http-nio-8080-exec-7] c.t.be.filter.CustomAuthorizationFilter  : Error Login: Request processing failed; nested exception is org.springframework.transaction.TransactionSystemException: Could not commit JPA transaction; nested exception is javax.persistence.RollbackException: Error while committing the transaction
2022-09-19 13:41:22.085  INFO 8704 --- [http-nio-8080-exec-3] c.t.b.s.d.CreateDowntimeServiceImpl      : ItemCheck(itemCheckId=null, itemCheck=Periksa All Sensor, status=OK)
2022-09-19 13:41:22.110  INFO 8704 --- [http-nio-8080-exec-3] c.t.b.s.d.CreateDowntimeServiceImpl      : ItemCheck(itemCheckId=null, itemCheck=Periksa Mekanik, status=NG)
